# JRE version: OpenJDK Runtime Environment Temurin-21.0.10+7 (21.0.10+7) (build 21.0.10+7-LTS)
# Java VM: OpenJDK 64-Bit Server VM Temurin-21.0.10+7 (21.0.10+7-LTS, mixed mode, sharing, tiered, compressed oops, compressed class ptrs, parallel gc, windows-amd64)
GC Precious Log:
 CardTable entry size: 512
 CPUs: 24 total, 24 available
 Memory: 65424M
 Large Page Support: Disabled
 NUMA Support: Disabled
 Compressed Oops: Enabled (32-bit)
 Alignments: Space 512K, Generation 512K, Heap 2M
 Heap Min Capacity: 100M
 Heap Initial Capacity: 100M
 Heap Max Capacity: 2G
 Pre-touch: Disabled
 Parallel Workers: 18
Heap:
 PSYoungGen      total 16896K, used 3031K [0x00000000d5580000, 0x00000000d6a00000, 0x0000000100000000)
  eden space 15872K, 15% used [0x00000000d5580000,0x00000000d57e5f38,0x00000000d6500000)
  from space 1024K, 56% used [0x00000000d6500000,0x00000000d6590000,0x00000000d6600000)
  to   space 2048K, 0% used [0x00000000d6800000,0x00000000d6800000,0x00000000d6a00000)
 ParOldGen       total 68608K, used 55119K [0x0000000080000000, 0x0000000084300000, 0x00000000d5580000)
  object space 68608K, 80% used [0x0000000080000000,0x00000000835d3c58,0x0000000084300000)
 Metaspace       used 70403K, committed 71744K, reserved 1114112K
  class space    used 7538K, committed 8128K, reserved 1048576K
GC Heap History (20 events):
Event: 7.653 GC heap before
{Heap before GC invocations=35 (full 3):
 PSYoungGen      total 23040K, used 544K [0x00000000d5580000, 0x00000000d7000000, 0x0000000100000000)
  eden space 22016K, 0% used [0x00000000d5580000,0x00000000d5580000,0x00000000d6b00000)
  from space 1024K, 53% used [0x00000000d6f00000,0x00000000d6f88000,0x00000000d7000000)
  to   space 1024K, 0% used [0x00000000d6e00000,0x00000000d6e00000,0x00000000d6f00000)
 ParOldGen       total 68608K, used 45838K [0x0000000080000000, 0x0000000084300000, 0x00000000d5580000)
  object space 68608K, 66% used [0x0000000080000000,0x0000000082cc3a98,0x0000000084300000)
 Metaspace       used 58527K, committed 59776K, reserved 1114112K
  class space    used 6299K, committed 6848K, reserved 1048576K
}
Event: 7.697 GC heap after
{Heap after GC invocations=35 (full 3):
 PSYoungGen      total 23040K, used 0K [0x00000000d5580000, 0x00000000d7000000, 0x0000000100000000)
  eden space 22016K, 0% used [0x00000000d5580000,0x00000000d5580000,0x00000000d6b00000)
  from space 1024K, 0% used [0x00000000d6f00000,0x00000000d6f00000,0x00000000d7000000)
  to   space 1024K, 0% used [0x00000000d6e00000,0x00000000d6e00000,0x00000000d6f00000)
 ParOldGen       total 68608K, used 42797K [0x0000000080000000, 0x0000000084300000, 0x00000000d5580000)
  object space 68608K, 62% used [0x0000000080000000,0x00000000829cb5a0,0x0000000084300000)
 Metaspace       used 58527K, committed 59776K, reserved 1114112K
  class space    used 6299K, committed 6848K, reserved 1048576K
}
Event: 7.902 GC heap before
{Heap before GC invocations=36 (full 3):
 PSYoungGen      total 23040K, used 22015K [0x00000000d5580000, 0x00000000d7000000, 0x0000000100000000)
  eden space 22016K, 99% used [0x00000000d5580000,0x00000000d6afffc0,0x00000000d6b00000)
  from space 1024K, 0% used [0x00000000d6f00000,0x00000000d6f00000,0x00000000d7000000)
  to   space 1024K, 0% used [0x00000000d6e00000,0x00000000d6e00000,0x00000000d6f00000)
 ParOldGen       total 68608K, used 42797K [0x0000000080000000, 0x0000000084300000, 0x00000000d5580000)
  object space 68608K, 62% used [0x0000000080000000,0x00000000829cb5a0,0x0000000084300000)
 Metaspace       used 60869K, committed 62208K, reserved 1114112K
  class space    used 6561K, committed 7168K, reserved 1048576K
}
Event: 7.903 GC heap after
{Heap after GC invocations=36 (full 3):
 PSYoungGen      total 23040K, used 1000K [0x00000000d5580000, 0x00000000d6f80000, 0x0000000100000000)
  eden space 22016K, 0% used [0x00000000d5580000,0x00000000d5580000,0x00000000d6b00000)
  from space 1024K, 97% used [0x00000000d6e00000,0x00000000d6efa1e8,0x00000000d6f00000)
  to   space 512K, 0% used [0x00000000d6f00000,0x00000000d6f00000,0x00000000d6f80000)
 ParOldGen       total 68608K, used 42805K [0x0000000080000000, 0x0000000084300000, 0x00000000d5580000)
  object space 68608K, 62% used [0x0000000080000000,0x00000000829cd5a0,0x0000000084300000)
 Metaspace       used 60869K, committed 62208K, reserved 1114112K
  class space    used 6561K, committed 7168K, reserved 1048576K
}
Event: 8.125 GC heap before
{Heap before GC invocations=37 (full 3):
 PSYoungGen      total 23040K, used 22982K [0x00000000d5580000, 0x00000000d6f80000, 0x0000000100000000)
  eden space 22016K, 99% used [0x00000000d5580000,0x00000000d6af7a00,0x00000000d6b00000)
  from space 1024K, 97% used [0x00000000d6e00000,0x00000000d6efa1e8,0x00000000d6f00000)
  to   space 512K, 0% used [0x00000000d6f00000,0x00000000d6f00000,0x00000000d6f80000)
 ParOldGen       total 68608K, used 42805K [0x0000000080000000, 0x0000000084300000, 0x00000000d5580000)
  object space 68608K, 62% used [0x0000000080000000,0x00000000829cd5a0,0x0000000084300000)
 Metaspace       used 63408K, committed 64768K, reserved 1114112K
  class space    used 6825K, committed 7424K, reserved 1048576K
}
Event: 8.127 GC heap after
{Heap after GC invocations=37 (full 3):
 PSYoungGen      total 19968K, used 494K [0x00000000d5580000, 0x00000000d7800000, 0x0000000100000000)
  eden space 19456K, 0% used [0x00000000d5580000,0x00000000d5580000,0x00000000d6880000)
  from space 512K, 96% used [0x00000000d6f00000,0x00000000d6f7ba38,0x00000000d6f80000)
  to   space 6656K, 0% used [0x00000000d6880000,0x00000000d6880000,0x00000000d6f00000)
 ParOldGen       total 68608K, used 47808K [0x0000000080000000, 0x0000000084300000, 0x00000000d5580000)
  object space 68608K, 69% used [0x0000000080000000,0x0000000082eb00b8,0x0000000084300000)
 Metaspace       used 63408K, committed 64768K, reserved 1114112K
  class space    used 6825K, committed 7424K, reserved 1048576K
}
Event: 8.454 GC heap before
{Heap before GC invocations=38 (full 3):
 PSYoungGen      total 19968K, used 19950K [0x00000000d5580000, 0x00000000d7800000, 0x0000000100000000)
  eden space 19456K, 100% used [0x00000000d5580000,0x00000000d6880000,0x00000000d6880000)
  from space 512K, 96% used [0x00000000d6f00000,0x00000000d6f7ba38,0x00000000d6f80000)
  to   space 6656K, 0% used [0x00000000d6880000,0x00000000d6880000,0x00000000d6f00000)
 ParOldGen       total 68608K, used 47808K [0x0000000080000000, 0x0000000084300000, 0x00000000d5580000)
  object space 68608K, 69% used [0x0000000080000000,0x0000000082eb00b8,0x0000000084300000)
 Metaspace       used 65050K, committed 66432K, reserved 1114112K
  class space    used 6987K, committed 7616K, reserved 1048576K
}
Event: 8.456 GC heap after
{Heap after GC invocations=38 (full 3):
 PSYoungGen      total 22528K, used 2595K [0x00000000d5580000, 0x00000000d7080000, 0x0000000100000000)
  eden space 19456K, 0% used [0x00000000d5580000,0x00000000d5580000,0x00000000d6880000)
  from space 3072K, 84% used [0x00000000d6880000,0x00000000d6b08f68,0x00000000d6b80000)
  to   space 4096K, 0% used [0x00000000d6c80000,0x00000000d6c80000,0x00000000d7080000)
 ParOldGen       total 68608K, used 48551K [0x0000000080000000, 0x0000000084300000, 0x00000000d5580000)
  object space 68608K, 70% used [0x0000000080000000,0x0000000082f69e08,0x0000000084300000)
 Metaspace       used 65050K, committed 66432K, reserved 1114112K
  class space    used 6987K, committed 7616K, reserved 1048576K
}
Event: 8.560 GC heap before
{Heap before GC invocations=39 (full 3):
 PSYoungGen      total 22528K, used 22051K [0x00000000d5580000, 0x00000000d7080000, 0x0000000100000000)
  eden space 19456K, 100% used [0x00000000d5580000,0x00000000d6880000,0x00000000d6880000)
  from space 3072K, 84% used [0x00000000d6880000,0x00000000d6b08f68,0x00000000d6b80000)
  to   space 4096K, 0% used [0x00000000d6c80000,0x00000000d6c80000,0x00000000d7080000)
 ParOldGen       total 68608K, used 48551K [0x0000000080000000, 0x0000000084300000, 0x00000000d5580000)
  object space 68608K, 70% used [0x0000000080000000,0x0000000082f69e08,0x0000000084300000)
 Metaspace       used 66293K, committed 67648K, reserved 1114112K
  class space    used 7128K, committed 7744K, reserved 1048576K
}
Event: 8.563 GC heap after
{Heap after GC invocations=39 (full 3):
 PSYoungGen      total 19968K, used 4088K [0x00000000d5580000, 0x00000000d7780000, 0x0000000100000000)
  eden space 15872K, 0% used [0x00000000d5580000,0x00000000d5580000,0x00000000d6500000)
  from space 4096K, 99% used [0x00000000d6c80000,0x00000000d707e350,0x00000000d7080000)
  to   space 7680K, 0% used [0x00000000d6500000,0x00000000d6500000,0x00000000d6c80000)
 ParOldGen       total 68608K, used 51138K [0x0000000080000000, 0x0000000084300000, 0x00000000d5580000)
  object space 68608K, 74% used [0x0000000080000000,0x00000000831f0b88,0x0000000084300000)
 Metaspace       used 66293K, committed 67648K, reserved 1114112K
  class space    used 7128K, committed 7744K, reserved 1048576K
}
Event: 8.595 GC heap before
{Heap before GC invocations=40 (full 3):
 PSYoungGen      total 19968K, used 19960K [0x00000000d5580000, 0x00000000d7780000, 0x0000000100000000)
  eden space 15872K, 100% used [0x00000000d5580000,0x00000000d6500000,0x00000000d6500000)
  from space 4096K, 99% used [0x00000000d6c80000,0x00000000d707e350,0x00000000d7080000)
  to   space 7680K, 0% used [0x00000000d6500000,0x00000000d6500000,0x00000000d6c80000)
 ParOldGen       total 68608K, used 51138K [0x0000000080000000, 0x0000000084300000, 0x00000000d5580000)
  object space 68608K, 74% used [0x0000000080000000,0x00000000831f0b88,0x0000000084300000)
 Metaspace       used 66773K, committed 68096K, reserved 1114112K
  class space    used 7157K, committed 7744K, reserved 1048576K
}
Event: 8.597 GC heap after
{Heap after GC invocations=40 (full 3):
 PSYoungGen      total 20480K, used 4290K [0x00000000d5580000, 0x00000000d7000000, 0x0000000100000000)
  eden space 15872K, 0% used [0x00000000d5580000,0x00000000d5580000,0x00000000d6500000)
  from space 4608K, 93% used [0x00000000d6500000,0x00000000d69308d0,0x00000000d6980000)
  to   space 5632K, 0% used [0x00000000d6a80000,0x00000000d6a80000,0x00000000d7000000)
 ParOldGen       total 68608K, used 51785K [0x0000000080000000, 0x0000000084300000, 0x00000000d5580000)
  object space 68608K, 75% used [0x0000000080000000,0x0000000083292750,0x0000000084300000)
 Metaspace       used 66773K, committed 68096K, reserved 1114112K
  class space    used 7157K, committed 7744K, reserved 1048576K
}
Event: 8.768 GC heap before
{Heap before GC invocations=41 (full 3):
 PSYoungGen      total 20480K, used 20162K [0x00000000d5580000, 0x00000000d7000000, 0x0000000100000000)
  eden space 15872K, 100% used [0x00000000d5580000,0x00000000d6500000,0x00000000d6500000)
  from space 4608K, 93% used [0x00000000d6500000,0x00000000d69308d0,0x00000000d6980000)
  to   space 5632K, 0% used [0x00000000d6a80000,0x00000000d6a80000,0x00000000d7000000)
 ParOldGen       total 68608K, used 51785K [0x0000000080000000, 0x0000000084300000, 0x00000000d5580000)
  object space 68608K, 75% used [0x0000000080000000,0x0000000083292750,0x0000000084300000)
 Metaspace       used 68344K, committed 69760K, reserved 1114112K
  class space    used 7327K, committed 7936K, reserved 1048576K
}
Event: 8.769 GC heap after
{Heap after GC invocations=41 (full 3):
 PSYoungGen      total 17408K, used 1115K [0x00000000d5580000, 0x00000000d6c00000, 0x0000000100000000)
  eden space 15872K, 0% used [0x00000000d5580000,0x00000000d5580000,0x00000000d6500000)
  from space 1536K, 72% used [0x00000000d6a80000,0x00000000d6b96cb8,0x00000000d6c00000)
  to   space 2560K, 0% used [0x00000000d6700000,0x00000000d6700000,0x00000000d6980000)
 ParOldGen       total 68608K, used 51929K [0x0000000080000000, 0x0000000084300000, 0x00000000d5580000)
  object space 68608K, 75% used [0x0000000080000000,0x00000000832b6750,0x0000000084300000)
 Metaspace       used 68344K, committed 69760K, reserved 1114112K
  class space    used 7327K, committed 7936K, reserved 1048576K
}
Event: 9.304 GC heap before
{Heap before GC invocations=42 (full 3):
 PSYoungGen      total 17408K, used 16987K [0x00000000d5580000, 0x00000000d6c00000, 0x0000000100000000)
  eden space 15872K, 100% used [0x00000000d5580000,0x00000000d6500000,0x00000000d6500000)
  from space 1536K, 72% used [0x00000000d6a80000,0x00000000d6b96cb8,0x00000000d6c00000)
  to   space 2560K, 0% used [0x00000000d6700000,0x00000000d6700000,0x00000000d6980000)
 ParOldGen       total 68608K, used 51929K [0x0000000080000000, 0x0000000084300000, 0x00000000d5580000)
  object space 68608K, 75% used [0x0000000080000000,0x00000000832b6750,0x0000000084300000)
 Metaspace       used 69727K, committed 71168K, reserved 1114112K
  class space    used 7495K, committed 8128K, reserved 1048576K
}
Event: 9.305 GC heap after
{Heap after GC invocations=42 (full 3):
 PSYoungGen      total 18432K, used 889K [0x00000000d5580000, 0x00000000d6b00000, 0x0000000100000000)
  eden space 15872K, 0% used [0x00000000d5580000,0x00000000d5580000,0x00000000d6500000)
  from space 2560K, 34% used [0x00000000d6700000,0x00000000d67de470,0x00000000d6980000)
  to   space 1536K, 0% used [0x00000000d6980000,0x00000000d6980000,0x00000000d6b00000)
 ParOldGen       total 68608K, used 52789K [0x0000000080000000, 0x0000000084300000, 0x00000000d5580000)
  object space 68608K, 76% used [0x0000000080000000,0x000000008338d5c8,0x0000000084300000)
 Metaspace       used 69727K, committed 71168K, reserved 1114112K
  class space    used 7495K, committed 8128K, reserved 1048576K
}
Event: 10.726 GC heap before
{Heap before GC invocations=43 (full 3):
 PSYoungGen      total 18432K, used 16761K [0x00000000d5580000, 0x00000000d6b00000, 0x0000000100000000)
  eden space 15872K, 100% used [0x00000000d5580000,0x00000000d6500000,0x00000000d6500000)
  from space 2560K, 34% used [0x00000000d6700000,0x00000000d67de470,0x00000000d6980000)
  to   space 1536K, 0% used [0x00000000d6980000,0x00000000d6980000,0x00000000d6b00000)
 ParOldGen       total 68608K, used 52789K [0x0000000080000000, 0x0000000084300000, 0x00000000d5580000)
  object space 68608K, 76% used [0x0000000080000000,0x000000008338d5c8,0x0000000084300000)
 Metaspace       used 69979K, committed 71424K, reserved 1114112K
  class space    used 7499K, committed 8128K, reserved 1048576K
}
Event: 10.728 GC heap after
{Heap after GC invocations=43 (full 3):
 PSYoungGen      total 17408K, used 1506K [0x00000000d5580000, 0x00000000d6e00000, 0x0000000100000000)
  eden space 15872K, 0% used [0x00000000d5580000,0x00000000d5580000,0x00000000d6500000)
  from space 1536K, 98% used [0x00000000d6980000,0x00000000d6af88d0,0x00000000d6b00000)
  to   space 4608K, 0% used [0x00000000d6500000,0x00000000d6500000,0x00000000d6980000)
 ParOldGen       total 68608K, used 54919K [0x0000000080000000, 0x0000000084300000, 0x00000000d5580000)
  object space 68608K, 80% used [0x0000000080000000,0x00000000835a1f40,0x0000000084300000)
 Metaspace       used 69979K, committed 71424K, reserved 1114112K
  class space    used 7499K, committed 8128K, reserved 1048576K
}
Event: 65.516 GC heap before
{Heap before GC invocations=44 (full 3):
 PSYoungGen      total 17408K, used 17378K [0x00000000d5580000, 0x00000000d6e00000, 0x0000000100000000)
  eden space 15872K, 100% used [0x00000000d5580000,0x00000000d6500000,0x00000000d6500000)
  from space 1536K, 98% used [0x00000000d6980000,0x00000000d6af88d0,0x00000000d6b00000)
  to   space 4608K, 0% used [0x00000000d6500000,0x00000000d6500000,0x00000000d6980000)
 ParOldGen       total 68608K, used 54919K [0x0000000080000000, 0x0000000084300000, 0x00000000d5580000)
  object space 68608K, 80% used [0x0000000080000000,0x00000000835a1f40,0x0000000084300000)
 Metaspace       used 70327K, committed 71744K, reserved 1114112K
  class space    used 7532K, committed 8128K, reserved 1048576K
}
Event: 65.517 GC heap after
{Heap after GC invocations=44 (full 3):
 PSYoungGen      total 16896K, used 576K [0x00000000d5580000, 0x00000000d6a00000, 0x0000000100000000)
  eden space 15872K, 0% used [0x00000000d5580000,0x00000000d5580000,0x00000000d6500000)
  from space 1024K, 56% used [0x00000000d6500000,0x00000000d6590000,0x00000000d6600000)
  to   space 2048K, 0% used [0x00000000d6800000,0x00000000d6800000,0x00000000d6a00000)
 ParOldGen       total 68608K, used 55119K [0x0000000080000000, 0x0000000084300000, 0x00000000d5580000)
  object space 68608K, 80% used [0x0000000080000000,0x00000000835d3c58,0x0000000084300000)
 Metaspace       used 70327K, committed 71744K, reserved 1114112K
  class space    used 7532K, committed 8128K, reserved 1048576K
}

